# JRE version: Java(TM) SE Runtime Environment (8.0_121-b13) (build 1.8.0_121-b13)
# Java VM: Java HotSpot(TM) 64-Bit Server VM (25.121-b13 mixed mode linux-amd64 compressed oops)
Heap:
 PSYoungGen      total 88576K, used 7680K [0x00000000f3200000, 0x00000000f9100000, 0x0000000100000000)
  eden space 80896K, 0% used [0x00000000f3200000,0x00000000f3200000,0x00000000f8100000)
  from space 7680K, 100% used [0x00000000f8100000,0x00000000f8880000,0x00000000f8880000)
  to   space 6656K, 0% used [0x00000000f8880000,0x00000000f8880000,0x00000000f8f00000)
 ParOldGen       total 27648K, used 13504K [0x00000000d9600000, 0x00000000db100000, 0x00000000f3200000)
  object space 27648K, 48% used [0x00000000d9600000,0x00000000da3300f8,0x00000000db100000)
 Metaspace       used 17630K, capacity 17920K, committed 18176K, reserved 1064960K
  class space    used 2103K, capacity 2220K, committed 2304K, reserved 1048576K
GC Heap History (10 events):
Event: 1.973 GC heap after
Heap after GC invocations=2 (full 0):
 PSYoungGen      total 22016K, used 1520K [0x00000000f3200000, 0x00000000f4900000, 0x0000000100000000)
  eden space 20480K, 0% used [0x00000000f3200000,0x00000000f3200000,0x00000000f4600000)
  from space 1536K, 98% used [0x00000000f4780000,0x00000000f48fc010,0x00000000f4900000)
  to   space 1536K, 0% used [0x00000000f4600000,0x00000000f4600000,0x00000000f4780000)
 ParOldGen       total 27648K, used 2193K [0x00000000d9600000, 0x00000000db100000, 0x00000000f3200000)
  object space 27648K, 7% used [0x00000000d9600000,0x00000000d98246b0,0x00000000db100000)
 Metaspace       used 7562K, capacity 7676K, committed 7936K, reserved 1056768K
  class space    used 932K, capacity 984K, committed 1024K, reserved 1048576K
}
Event: 2.746 GC heap before
{Heap before GC invocations=3 (full 0):
 PSYoungGen      total 22016K, used 22000K [0x00000000f3200000, 0x00000000f4900000, 0x0000000100000000)
  eden space 20480K, 100% used [0x00000000f3200000,0x00000000f4600000,0x00000000f4600000)
  from space 1536K, 98% used [0x00000000f4780000,0x00000000f48fc010,0x00000000f4900000)
  to   space 1536K, 0% used [0x00000000f4600000,0x00000000f4600000,0x00000000f4780000)
 ParOldGen       total 27648K, used 2193K [0x00000000d9600000, 0x00000000db100000, 0x00000000f3200000)
  object space 27648K, 7% used [0x00000000d9600000,0x00000000d98246b0,0x00000000db100000)
 Metaspace       used 9358K, capacity 9454K, committed 9728K, reserved 1058816K
  class space    used 1166K, capacity 1212K, committed 1280K, reserved 1048576K
Event: 2.779 GC heap after
Heap after GC invocations=3 (full 0):
 PSYoungGen      total 22016K, used 1504K [0x00000000f3200000, 0x00000000f5d00000, 0x0000000100000000)
  eden space 20480K, 0% used [0x00000000f3200000,0x00000000f3200000,0x00000000f4600000)
  from space 1536K, 97% used [0x00000000f4600000,0x00000000f4778020,0x00000000f4780000)
  to   space 1536K, 0% used [0x00000000f5b80000,0x00000000f5b80000,0x00000000f5d00000)
 ParOldGen       total 27648K, used 4882K [0x00000000d9600000, 0x00000000db100000, 0x00000000f3200000)
  object space 27648K, 17% used [0x00000000d9600000,0x00000000d9ac48a0,0x00000000db100000)
 Metaspace       used 9358K, capacity 9454K, committed 9728K, reserved 1058816K
  class space    used 1166K, capacity 1212K, committed 1280K, reserved 1048576K
}
Event: 3.476 GC heap before
{Heap before GC invocations=4 (full 0):
 PSYoungGen      total 22016K, used 21984K [0x00000000f3200000, 0x00000000f5d00000, 0x0000000100000000)
  eden space 20480K, 100% used [0x00000000f3200000,0x00000000f4600000,0x00000000f4600000)
  from space 1536K, 97% used [0x00000000f4600000,0x00000000f4778020,0x00000000f4780000)
  to   space 1536K, 0% used [0x00000000f5b80000,0x00000000f5b80000,0x00000000f5d00000)
 ParOldGen       total 27648K, used 4882K [0x00000000d9600000, 0x00000000db100000, 0x00000000f3200000)
  object space 27648K, 17% used [0x00000000d9600000,0x00000000d9ac48a0,0x00000000db100000)
 Metaspace       used 12251K, capacity 12494K, committed 12800K, reserved 1060864K
  class space    used 1562K, capacity 1669K, committed 1792K, reserved 1048576K
Event: 3.509 GC heap after
Heap after GC invocations=4 (full 0):
 PSYoungGen      total 42496K, used 1520K [0x00000000f3200000, 0x00000000f5d00000, 0x0000000100000000)
  eden space 40960K, 0% used [0x00000000f3200000,0x00000000f3200000,0x00000000f5a00000)
  from space 1536K, 98% used [0x00000000f5b80000,0x00000000f5cfc010,0x00000000f5d00000)
  to   space 1536K, 0% used [0x00000000f5a00000,0x00000000f5a00000,0x00000000f5b80000)
 ParOldGen       total 27648K, used 8711K [0x00000000d9600000, 0x00000000db100000, 0x00000000f3200000)
  object space 27648K, 31% used [0x00000000d9600000,0x00000000d9e81fa8,0x00000000db100000)
 Metaspace       used 12251K, capacity 12494K, committed 12800K, reserved 1060864K
  class space    used 1562K, capacity 1669K, committed 1792K, reserved 1048576K
}
Event: 5.826 GC heap before
{Heap before GC invocations=5 (full 0):
 PSYoungGen      total 42496K, used 42480K [0x00000000f3200000, 0x00000000f5d00000, 0x0000000100000000)
  eden space 40960K, 100% used [0x00000000f3200000,0x00000000f5a00000,0x00000000f5a00000)
  from space 1536K, 98% used [0x00000000f5b80000,0x00000000f5cfc010,0x00000000f5d00000)
  to   space 1536K, 0% used [0x00000000f5a00000,0x00000000f5a00000,0x00000000f5b80000)
 ParOldGen       total 27648K, used 8711K [0x00000000d9600000, 0x00000000db100000, 0x00000000f3200000)
  object space 27648K, 31% used [0x00000000d9600000,0x00000000d9e81fa8,0x00000000db100000)
 Metaspace       used 14619K, capacity 14818K, committed 14976K, reserved 1062912K
  class space    used 1791K, capacity 1875K, committed 1920K, reserved 1048576K
Event: 5.894 GC heap after
Heap after GC invocations=5 (full 0):
 PSYoungGen      total 42496K, used 1520K [0x00000000f3200000, 0x00000000f8f00000, 0x0000000100000000)
  eden space 40960K, 0% used [0x00000000f3200000,0x00000000f3200000,0x00000000f5a00000)
  from space 1536K, 98% used [0x00000000f5a00000,0x00000000f5b7c010,0x00000000f5b80000)
  to   space 6656K, 0% used [0x00000000f8880000,0x00000000f8880000,0x00000000f8f00000)
 ParOldGen       total 27648K, used 12449K [0x00000000d9600000, 0x00000000db100000, 0x00000000f3200000)
  object space 27648K, 45% used [0x00000000d9600000,0x00000000da228528,0x00000000db100000)
 Metaspace       used 14619K, capacity 14818K, committed 14976K, reserved 1062912K
  class space    used 1791K, capacity 1875K, committed 1920K, reserved 1048576K
}
Event: 7.720 GC heap before
{Heap before GC invocations=6 (full 0):
 PSYoungGen      total 42496K, used 42480K [0x00000000f3200000, 0x00000000f8f00000, 0x0000000100000000)
  eden space 40960K, 100% used [0x00000000f3200000,0x00000000f5a00000,0x00000000f5a00000)
  from space 1536K, 98% used [0x00000000f5a00000,0x00000000f5b7c010,0x00000000f5b80000)
  to   space 6656K, 0% used [0x00000000f8880000,0x00000000f8880000,0x00000000f8f00000)
 ParOldGen       total 27648K, used 12449K [0x00000000d9600000, 0x00000000db100000, 0x00000000f3200000)
  object space 27648K, 45% used [0x00000000d9600000,0x00000000da228528,0x00000000db100000)
 Metaspace       used 17161K, capacity 17386K, committed 17664K, reserved 1064960K
  class space    used 2090K, capacity 2179K, committed 2304K, reserved 1048576K
Event: 7.798 GC heap after
Heap after GC invocations=6 (full 0):
 PSYoungGen      total 87552K, used 6364K [0x00000000f3200000, 0x00000000f9100000, 0x0000000100000000)
  eden space 80896K, 0% used [0x00000000f3200000,0x00000000f3200000,0x00000000f8100000)
  from space 6656K, 95% used [0x00000000f8880000,0x00000000f8eb7358,0x00000000f8f00000)
  to   space 7680K, 0% used [0x00000000f8100000,0x00000000f8100000,0x00000000f8880000)
 ParOldGen       total 27648K, used 12449K [0x00000000d9600000, 0x00000000db100000, 0x00000000f3200000)
  object space 27648K, 45% used [0x00000000d9600000,0x00000000da228528,0x00000000db100000)
 Metaspace       used 17161K, capacity 17386K, committed 17664K, reserved 1064960K
  class space    used 2090K, capacity 2179K, committed 2304K, reserved 1048576K
}
Event: 9.713 GC heap before
{Heap before GC invocations=7 (full 0):
 PSYoungGen      total 87552K, used 87260K [0x00000000f3200000, 0x00000000f9100000, 0x0000000100000000)
  eden space 80896K, 100% used [0x00000000f3200000,0x00000000f8100000,0x00000000f8100000)
  from space 6656K, 95% used [0x00000000f8880000,0x00000000f8eb7358,0x00000000f8f00000)
  to   space 7680K, 0% used [0x00000000f8100000,0x00000000f8100000,0x00000000f8880000)
 ParOldGen       total 27648K, used 12449K [0x00000000d9600000, 0x00000000db100000, 0x00000000f3200000)
  object space 27648K, 45% used [0x00000000d9600000,0x00000000da228528,0x00000000db100000)
 Metaspace       used 17630K, capacity 17920K, committed 18176K, reserved 1064960K
  class space    used 2103K, capacity 2220K, committed 2304K, reserved 1048576K

