# JRE version: Java(TM) SE Runtime Environment (8.0_121-b13) (build 1.8.0_121-b13)
# Java VM: Java HotSpot(TM) 64-Bit Server VM (25.121-b13 mixed mode linux-amd64 compressed oops)
Heap:
 PSYoungGen      total 88576K, used 7664K [0x00000000f3200000, 0x00000000f9100000, 0x0000000100000000)
  eden space 80896K, 0% used [0x00000000f3200000,0x00000000f3200000,0x00000000f8100000)
  from space 7680K, 99% used [0x00000000f8100000,0x00000000f887c010,0x00000000f8880000)
  to   space 6656K, 0% used [0x00000000f8880000,0x00000000f8880000,0x00000000f8f00000)
 ParOldGen       total 27648K, used 13930K [0x00000000d9600000, 0x00000000db100000, 0x00000000f3200000)
  object space 27648K, 50% used [0x00000000d9600000,0x00000000da39ab90,0x00000000db100000)
 Metaspace       used 17692K, capacity 17984K, committed 18176K, reserved 1064960K
  class space    used 2102K, capacity 2220K, committed 2304K, reserved 1048576K
GC Heap History (10 events):
Event: 1.845 GC heap after
Heap after GC invocations=2 (full 0):
 PSYoungGen      total 22016K, used 1520K [0x00000000f3200000, 0x00000000f4900000, 0x0000000100000000)
  eden space 20480K, 0% used [0x00000000f3200000,0x00000000f3200000,0x00000000f4600000)
  from space 1536K, 98% used [0x00000000f4780000,0x00000000f48fc030,0x00000000f4900000)
  to   space 1536K, 0% used [0x00000000f4600000,0x00000000f4600000,0x00000000f4780000)
 ParOldGen       total 27648K, used 2196K [0x00000000d9600000, 0x00000000db100000, 0x00000000f3200000)
  object space 27648K, 7% used [0x00000000d9600000,0x00000000d9825310,0x00000000db100000)
 Metaspace       used 7568K, capacity 7676K, committed 7936K, reserved 1056768K
  class space    used 933K, capacity 984K, committed 1024K, reserved 1048576K
}
Event: 2.602 GC heap before
{Heap before GC invocations=3 (full 0):
 PSYoungGen      total 22016K, used 22000K [0x00000000f3200000, 0x00000000f4900000, 0x0000000100000000)
  eden space 20480K, 100% used [0x00000000f3200000,0x00000000f4600000,0x00000000f4600000)
  from space 1536K, 98% used [0x00000000f4780000,0x00000000f48fc030,0x00000000f4900000)
  to   space 1536K, 0% used [0x00000000f4600000,0x00000000f4600000,0x00000000f4780000)
 ParOldGen       total 27648K, used 2196K [0x00000000d9600000, 0x00000000db100000, 0x00000000f3200000)
  object space 27648K, 7% used [0x00000000d9600000,0x00000000d9825310,0x00000000db100000)
 Metaspace       used 9373K, capacity 9454K, committed 9728K, reserved 1058816K
  class space    used 1166K, capacity 1212K, committed 1280K, reserved 1048576K
Event: 2.624 GC heap after
Heap after GC invocations=3 (full 0):
 PSYoungGen      total 22016K, used 1536K [0x00000000f3200000, 0x00000000f5d00000, 0x0000000100000000)
  eden space 20480K, 0% used [0x00000000f3200000,0x00000000f3200000,0x00000000f4600000)
  from space 1536K, 100% used [0x00000000f4600000,0x00000000f4780000,0x00000000f4780000)
  to   space 1536K, 0% used [0x00000000f5b80000,0x00000000f5b80000,0x00000000f5d00000)
 ParOldGen       total 27648K, used 4851K [0x00000000d9600000, 0x00000000db100000, 0x00000000f3200000)
  object space 27648K, 17% used [0x00000000d9600000,0x00000000d9abcf70,0x00000000db100000)
 Metaspace       used 9373K, capacity 9454K, committed 9728K, reserved 1058816K
  class space    used 1166K, capacity 1212K, committed 1280K, reserved 1048576K
}
Event: 3.468 GC heap before
{Heap before GC invocations=4 (full 0):
 PSYoungGen      total 22016K, used 22016K [0x00000000f3200000, 0x00000000f5d00000, 0x0000000100000000)
  eden space 20480K, 100% used [0x00000000f3200000,0x00000000f4600000,0x00000000f4600000)
  from space 1536K, 100% used [0x00000000f4600000,0x00000000f4780000,0x00000000f4780000)
  to   space 1536K, 0% used [0x00000000f5b80000,0x00000000f5b80000,0x00000000f5d00000)
 ParOldGen       total 27648K, used 4851K [0x00000000d9600000, 0x00000000db100000, 0x00000000f3200000)
  object space 27648K, 17% used [0x00000000d9600000,0x00000000d9abcf70,0x00000000db100000)
 Metaspace       used 12263K, capacity 12494K, committed 12800K, reserved 1060864K
  class space    used 1563K, capacity 1669K, committed 1792K, reserved 1048576K
Event: 3.507 GC heap after
Heap after GC invocations=4 (full 0):
 PSYoungGen      total 42496K, used 1520K [0x00000000f3200000, 0x00000000f5d00000, 0x0000000100000000)
  eden space 40960K, 0% used [0x00000000f3200000,0x00000000f3200000,0x00000000f5a00000)
  from space 1536K, 98% used [0x00000000f5b80000,0x00000000f5cfc010,0x00000000f5d00000)
  to   space 1536K, 0% used [0x00000000f5a00000,0x00000000f5a00000,0x00000000f5b80000)
 ParOldGen       total 27648K, used 8861K [0x00000000d9600000, 0x00000000db100000, 0x00000000f3200000)
  object space 27648K, 32% used [0x00000000d9600000,0x00000000d9ea7528,0x00000000db100000)
 Metaspace       used 12263K, capacity 12494K, committed 12800K, reserved 1060864K
  class space    used 1563K, capacity 1669K, committed 1792K, reserved 1048576K
}
Event: 5.266 GC heap before
{Heap before GC invocations=5 (full 0):
 PSYoungGen      total 42496K, used 42480K [0x00000000f3200000, 0x00000000f5d00000, 0x0000000100000000)
  eden space 40960K, 100% used [0x00000000f3200000,0x00000000f5a00000,0x00000000f5a00000)
  from space 1536K, 98% used [0x00000000f5b80000,0x00000000f5cfc010,0x00000000f5d00000)
  to   space 1536K, 0% used [0x00000000f5a00000,0x00000000f5a00000,0x00000000f5b80000)
 ParOldGen       total 27648K, used 8861K [0x00000000d9600000, 0x00000000db100000, 0x00000000f3200000)
  object space 27648K, 32% used [0x00000000d9600000,0x00000000d9ea7528,0x00000000db100000)
 Metaspace       used 14664K, capacity 14882K, committed 15232K, reserved 1062912K
  class space    used 1791K, capacity 1875K, committed 1920K, reserved 1048576K
Event: 5.292 GC heap after
Heap after GC invocations=5 (full 0):
 PSYoungGen      total 42496K, used 1536K [0x00000000f3200000, 0x00000000f8f00000, 0x0000000100000000)
  eden space 40960K, 0% used [0x00000000f3200000,0x00000000f3200000,0x00000000f5a00000)
  from space 1536K, 100% used [0x00000000f5a00000,0x00000000f5b80000,0x00000000f5b80000)
  to   space 6656K, 0% used [0x00000000f8880000,0x00000000f8880000,0x00000000f8f00000)
 ParOldGen       total 27648K, used 12666K [0x00000000d9600000, 0x00000000db100000, 0x00000000f3200000)
  object space 27648K, 45% used [0x00000000d9600000,0x00000000da25ea00,0x00000000db100000)
 Metaspace       used 14664K, capacity 14882K, committed 15232K, reserved 1062912K
  class space    used 1791K, capacity 1875K, committed 1920K, reserved 1048576K
}
Event: 6.245 GC heap before
{Heap before GC invocations=6 (full 0):
 PSYoungGen      total 42496K, used 42496K [0x00000000f3200000, 0x00000000f8f00000, 0x0000000100000000)
  eden space 40960K, 100% used [0x00000000f3200000,0x00000000f5a00000,0x00000000f5a00000)
  from space 1536K, 100% used [0x00000000f5a00000,0x00000000f5b80000,0x00000000f5b80000)
  to   space 6656K, 0% used [0x00000000f8880000,0x00000000f8880000,0x00000000f8f00000)
 ParOldGen       total 27648K, used 12666K [0x00000000d9600000, 0x00000000db100000, 0x00000000f3200000)
  object space 27648K, 45% used [0x00000000d9600000,0x00000000da25ea00,0x00000000db100000)
 Metaspace       used 17173K, capacity 17386K, committed 17664K, reserved 1064960K
  class space    used 2089K, capacity 2179K, committed 2304K, reserved 1048576K
Event: 6.315 GC heap after
Heap after GC invocations=6 (full 0):
 PSYoungGen      total 87552K, used 6520K [0x00000000f3200000, 0x00000000f9100000, 0x0000000100000000)
  eden space 80896K, 0% used [0x00000000f3200000,0x00000000f3200000,0x00000000f8100000)
  from space 6656K, 97% used [0x00000000f8880000,0x00000000f8ede268,0x00000000f8f00000)
  to   space 7680K, 0% used [0x00000000f8100000,0x00000000f8100000,0x00000000f8880000)
 ParOldGen       total 27648K, used 12674K [0x00000000d9600000, 0x00000000db100000, 0x00000000f3200000)
  object space 27648K, 45% used [0x00000000d9600000,0x00000000da260a00,0x00000000db100000)
 Metaspace       used 17173K, capacity 17386K, committed 17664K, reserved 1064960K
  class space    used 2089K, capacity 2179K, committed 2304K, reserved 1048576K
}
Event: 8.070 GC heap before
{Heap before GC invocations=7 (full 0):
 PSYoungGen      total 87552K, used 87416K [0x00000000f3200000, 0x00000000f9100000, 0x0000000100000000)
  eden space 80896K, 100% used [0x00000000f3200000,0x00000000f8100000,0x00000000f8100000)
  from space 6656K, 97% used [0x00000000f8880000,0x00000000f8ede268,0x00000000f8f00000)
  to   space 7680K, 0% used [0x00000000f8100000,0x00000000f8100000,0x00000000f8880000)
 ParOldGen       total 27648K, used 12674K [0x00000000d9600000, 0x00000000db100000, 0x00000000f3200000)
  object space 27648K, 45% used [0x00000000d9600000,0x00000000da260a00,0x00000000db100000)
 Metaspace       used 17692K, capacity 17984K, committed 18176K, reserved 1064960K
  class space    used 2102K, capacity 2220K, committed 2304K, reserved 1048576K

